<?xml version="1.0" encoding="UTF-8"?>
<!-- Generated by org.testng.reporters.JUnitReportReporter -->
<testsuite hostname="Маша-ПК" name="com.example.tests.AlsoGroupCreationTests" tests="2" failures="0" timestamp="21 Apr 2015 21:21:05 GMT" time="7.084" errors="0">
  <testcase name="testEmptyGroupGreation" time="3.685" classname="com.example.tests.AlsoGroupCreationTests"/>
  <testcase name="testNonEmptyGroupGreation" time="3.399" classname="com.example.tests.AlsoGroupCreationTests"/>
</testsuite> <!-- com.example.tests.AlsoGroupCreationTests -->
