<?xml version="1.0" encoding="UTF-8"?>
<!-- Generated by org.testng.reporters.JUnitReportReporter -->
<testsuite hostname="Маша-ПК" name="com.example.tests.GroupCreationTests" tests="2" failures="0" timestamp="21 Apr 2015 23:10:08 GMT" time="9.901" errors="0">
  <testcase name="testEmptyGroupGreation" time="5.963" classname="com.example.tests.GroupCreationTests"/>
  <testcase name="testNonEmptyGroupGreation" time="3.938" classname="com.example.tests.GroupCreationTests"/>
</testsuite> <!-- com.example.tests.GroupCreationTests -->
