<?xml version="1.0" encoding="UTF-8"?>
<!-- Generated by org.testng.reporters.JUnitReportReporter -->
<testsuite hostname="Маша-ПК" name="com.example.tests.ContactCreationTests" tests="1" failures="0" timestamp="21 Apr 2015 23:10:08 GMT" time="9.189" errors="0">
  <testcase name="testNonEmptyContactCreation" time="9.189" classname="com.example.tests.ContactCreationTests"/>
</testsuite> <!-- com.example.tests.ContactCreationTests -->
